<?xml version="1.0" encoding="UTF-8"?>
<!-- Generated by org.testng.reporters.JUnitXMLReporter -->
<testsuite ignored="0" hostname="Bharath" failures="0" tests="4" name="Test" time="5.672" errors="0" timestamp="2025-01-22T09:02:01 IST">
  <testcase classname="com.application.tests.ApiTest" name="createRepositoryForValidUser" time="3.629"/>
  <testcase classname="com.application.tests.ApiTest" name="updateRepositoryForValidUser" time="0.53"/>
  <testcase classname="com.application.tests.ApiTest" name="getRepositoryForValidUser" time="0.437"/>
  <testcase classname="com.application.tests.ApiTest" name="deleteRepositoryForValidUser" time="0.499"/>
</testsuite> <!-- Test -->
