<?xml version="1.0" encoding="UTF-8"?>
<testng-results ignored="0" total="4" passed="4" failed="0" skipped="0">
  <reporter-output>
  </reporter-output>
  <suite started-at="2025-01-22T09:01:56 IST" name="Suite" finished-at="2025-01-22T09:02:01 IST" duration-ms="5672">
    <groups>
    </groups>
    <test started-at="2025-01-22T09:01:56 IST" name="Test" finished-at="2025-01-22T09:02:01 IST" duration-ms="5672">
      <class name="com.application.tests.ApiTest">
        <test-method is-config="true" signature="setupReport()[pri:0, instance:com.application.tests.ApiTest@5fbe4146]" started-at="2025-01-22T09:01:55 IST" name="setupReport" finished-at="2025-01-22T09:01:56 IST" duration-ms="140" status="PASS">
          <reporter-output>
          </reporter-output>
        </test-method> <!-- setupReport -->
        <test-method signature="createRepositoryForValidUser()[pri:1, instance:com.application.tests.ApiTest@5fbe4146]" started-at="2025-01-22T09:01:56 IST" name="createRepositoryForValidUser" finished-at="2025-01-22T09:01:59 IST" duration-ms="3629" status="PASS">
          <reporter-output>
          </reporter-output>
        </test-method> <!-- createRepositoryForValidUser -->
        <test-method signature="updateRepositoryForValidUser()[pri:2, instance:com.application.tests.ApiTest@5fbe4146]" started-at="2025-01-22T09:02:00 IST" name="updateRepositoryForValidUser" finished-at="2025-01-22T09:02:00 IST" duration-ms="530" status="PASS">
          <reporter-output>
          </reporter-output>
        </test-method> <!-- updateRepositoryForValidUser -->
        <test-method signature="getRepositoryForValidUser()[pri:3, instance:com.application.tests.ApiTest@5fbe4146]" started-at="2025-01-22T09:02:00 IST" name="getRepositoryForValidUser" finished-at="2025-01-22T09:02:01 IST" duration-ms="437" status="PASS">
          <reporter-output>
          </reporter-output>
        </test-method> <!-- getRepositoryForValidUser -->
        <test-method signature="deleteRepositoryForValidUser()[pri:4, instance:com.application.tests.ApiTest@5fbe4146]" started-at="2025-01-22T09:02:01 IST" name="deleteRepositoryForValidUser" finished-at="2025-01-22T09:02:01 IST" duration-ms="499" status="PASS">
          <reporter-output>
          </reporter-output>
        </test-method> <!-- deleteRepositoryForValidUser -->
      </class> <!-- com.application.tests.ApiTest -->
    </test> <!-- Test -->
  </suite> <!-- Suite -->
</testng-results>
